<?xml version="1.0" encoding="UTF-8"?>
<!-- Generated by org.testng.reporters.JUnitReportReporter -->
<testsuite hostname="AS101353" failures="0" tests="1" name="com.simplilearn.mavenproject.sampleSeleniumTest" time="11.636" errors="0" timestamp="2022-08-31T23:27:31 CST" skipped="0">
  <testcase classname="com.simplilearn.mavenproject.sampleSeleniumTest" name="TestMethod" time="11.636"/>
  <system-out/>
</testsuite> <!-- com.simplilearn.mavenproject.sampleSeleniumTest -->
